<?xml version="1.0" encoding="UTF-8"?>
<testng-results ignored="0" total="1" passed="1" failed="0" skipped="0">
  <reporter-output>
  </reporter-output>
  <suite started-at="2023-04-12T11:09:21 IST" name="Default suite" finished-at="2023-04-12T11:09:21 IST" duration-ms="48">
    <groups>
    </groups>
    <test started-at="2023-04-12T11:09:21 IST" name="Default test" finished-at="2023-04-12T11:09:21 IST" duration-ms="48">
      <class name="demo.Demo1">
        <test-method signature="demo()[pri:0, instance:demo.Demo1@25d250c6]" started-at="2023-04-12T11:09:21 IST" name="demo" finished-at="2023-04-12T11:09:21 IST" duration-ms="9" status="PASS">
          <reporter-output>
          </reporter-output>
        </test-method> <!-- demo -->
      </class> <!-- demo.Demo1 -->
    </test> <!-- Default test -->
  </suite> <!-- Default suite -->
</testng-results>
